<?xml version="1.0" encoding="UTF-8"?>
<testsuite xmlns:xsi="http://www.w3.org/2001/XMLSchema-instance" xsi:noNamespaceSchemaLocation="https://maven.apache.org/surefire/maven-surefire-plugin/xsd/surefire-test-report.xsd" name="com.icici.AppTest" time="0.056" tests="1" errors="0" skipped="0" failures="0">
  <properties>
    <property name="sun.desktop" value="windows"/>
    <property name="awt.toolkit" value="sun.awt.windows.WToolkit"/>
    <property name="file.encoding.pkg" value="sun.io"/>
    <property name="java.specification.version" value="1.8"/>
    <property name="sun.cpu.isalist" value="amd64"/>
    <property name="sun.jnu.encoding" value="Cp1252"/>
    <property name="java.class.path" value="C:\Users\Kalyan-KR7\Desktop\Devops\webappicici\target\test-classes;C:\Users\Kalyan-KR7\Desktop\Devops\webappicici\target\classes;C:\Users\Kalyan-KR7\.m2\repository\junit\junit\4.11\junit-4.11.jar;C:\Users\Kalyan-KR7\.m2\repository\org\hamcrest\hamcrest-core\1.3\hamcrest-core-1.3.jar;C:\Users\Kalyan-KR7\.m2\repository\io\aboutcode\stage\persistence\relational\mysql\4.0.0\mysql-4.0.0.jar;C:\Users\Kalyan-KR7\.m2\repository\io\aboutcode\stage\persistence\core\4.0.0\core-4.0.0.jar;C:\Users\Kalyan-KR7\.m2\repository\io\aboutcode\stage\core\4.0.0\core-4.0.0.jar;C:\Users\Kalyan-KR7\.m2\repository\io\aboutcode\stage\persistence\jdbc\core\4.0.0\core-4.0.0.jar;C:\Users\Kalyan-KR7\.m2\repository\com\zaxxer\HikariCP\2.4.3\HikariCP-2.4.3.jar;C:\Users\Kalyan-KR7\.m2\repository\org\slf4j\slf4j-api\1.7.12\slf4j-api-1.7.12.jar;C:\Users\Kalyan-KR7\.m2\repository\ch\qos\logback\logback-core\1.2.3\logback-core-1.2.3.jar;C:\Users\Kalyan-KR7\.m2\repository\com\google\guava\guava\19.0\guava-19.0.jar;C:\Users\Kalyan-KR7\.m2\repository\de\pentabyte\google-static-map-creator\2.3.0\google-static-map-creator-2.3.0.jar;C:\Users\Kalyan-KR7\.m2\repository\org\apache\httpcomponents\httpclient\4.5\httpclient-4.5.jar;C:\Users\Kalyan-KR7\.m2\repository\org\apache\httpcomponents\httpcore\4.4.1\httpcore-4.4.1.jar;C:\Users\Kalyan-KR7\.m2\repository\commons-logging\commons-logging\1.2\commons-logging-1.2.jar;C:\Users\Kalyan-KR7\.m2\repository\commons-codec\commons-codec\1.9\commons-codec-1.9.jar;C:\Users\Kalyan-KR7\.m2\repository\org\apache\commons\commons-lang3\3.7\commons-lang3-3.7.jar;"/>
    <property name="java.vm.vendor" value="Oracle Corporation"/>
    <property name="sun.arch.data.model" value="64"/>
    <property name="user.variant" value=""/>
    <property name="java.vendor.url" value="http://java.oracle.com/"/>
    <property name="user.timezone" value="Asia/Calcutta"/>
    <property name="java.vm.specification.version" value="1.8"/>
    <property name="os.name" value="Windows 10"/>
    <property name="user.country" value="US"/>
    <property name="sun.java.launcher" value="SUN_STANDARD"/>
    <property name="sun.boot.library.path" value="C:\Program Files\Java\jdk1.8.0_281\jre\bin"/>
    <property name="sun.java.command" value="C:\Users\KALYAN~1\AppData\Local\Temp\surefire4439475084888009768\surefirebooter8594933338244338398.jar C:\Users\Kalyan-KR7\AppData\Local\Temp\surefire4439475084888009768 2021-04-13T03-09-10_566-jvmRun1 surefire780083612104326865tmp surefire_07059212036272847987tmp"/>
    <property name="surefire.test.class.path" value="C:\Users\Kalyan-KR7\Desktop\Devops\webappicici\target\test-classes;C:\Users\Kalyan-KR7\Desktop\Devops\webappicici\target\classes;C:\Users\Kalyan-KR7\.m2\repository\junit\junit\4.11\junit-4.11.jar;C:\Users\Kalyan-KR7\.m2\repository\org\hamcrest\hamcrest-core\1.3\hamcrest-core-1.3.jar;C:\Users\Kalyan-KR7\.m2\repository\io\aboutcode\stage\persistence\relational\mysql\4.0.0\mysql-4.0.0.jar;C:\Users\Kalyan-KR7\.m2\repository\io\aboutcode\stage\persistence\core\4.0.0\core-4.0.0.jar;C:\Users\Kalyan-KR7\.m2\repository\io\aboutcode\stage\core\4.0.0\core-4.0.0.jar;C:\Users\Kalyan-KR7\.m2\repository\io\aboutcode\stage\persistence\jdbc\core\4.0.0\core-4.0.0.jar;C:\Users\Kalyan-KR7\.m2\repository\com\zaxxer\HikariCP\2.4.3\HikariCP-2.4.3.jar;C:\Users\Kalyan-KR7\.m2\repository\org\slf4j\slf4j-api\1.7.12\slf4j-api-1.7.12.jar;C:\Users\Kalyan-KR7\.m2\repository\ch\qos\logback\logback-core\1.2.3\logback-core-1.2.3.jar;C:\Users\Kalyan-KR7\.m2\repository\com\google\guava\guava\19.0\guava-19.0.jar;C:\Users\Kalyan-KR7\.m2\repository\de\pentabyte\google-static-map-creator\2.3.0\google-static-map-creator-2.3.0.jar;C:\Users\Kalyan-KR7\.m2\repository\org\apache\httpcomponents\httpclient\4.5\httpclient-4.5.jar;C:\Users\Kalyan-KR7\.m2\repository\org\apache\httpcomponents\httpcore\4.4.1\httpcore-4.4.1.jar;C:\Users\Kalyan-KR7\.m2\repository\commons-logging\commons-logging\1.2\commons-logging-1.2.jar;C:\Users\Kalyan-KR7\.m2\repository\commons-codec\commons-codec\1.9\commons-codec-1.9.jar;C:\Users\Kalyan-KR7\.m2\repository\org\apache\commons\commons-lang3\3.7\commons-lang3-3.7.jar;"/>
    <property name="sun.cpu.endian" value="little"/>
    <property name="user.home" value="C:\Users\Kalyan-KR7"/>
    <property name="user.language" value="en"/>
    <property name="java.specification.vendor" value="Oracle Corporation"/>
    <property name="java.home" value="C:\Program Files\Java\jdk1.8.0_281\jre"/>
    <property name="basedir" value="C:\Users\Kalyan-KR7\Desktop\Devops\webappicici"/>
    <property name="file.separator" value="\"/>
    <property name="line.separator" value="&#10;"/>
    <property name="java.vm.specification.vendor" value="Oracle Corporation"/>
    <property name="java.specification.name" value="Java Platform API Specification"/>
    <property name="java.awt.graphicsenv" value="sun.awt.Win32GraphicsEnvironment"/>
    <property name="surefire.real.class.path" value="C:\Users\KALYAN~1\AppData\Local\Temp\surefire4439475084888009768\surefirebooter8594933338244338398.jar"/>
    <property name="sun.boot.class.path" value="C:\Program Files\Java\jdk1.8.0_281\jre\lib\resources.jar;C:\Program Files\Java\jdk1.8.0_281\jre\lib\rt.jar;C:\Program Files\Java\jdk1.8.0_281\jre\lib\sunrsasign.jar;C:\Program Files\Java\jdk1.8.0_281\jre\lib\jsse.jar;C:\Program Files\Java\jdk1.8.0_281\jre\lib\jce.jar;C:\Program Files\Java\jdk1.8.0_281\jre\lib\charsets.jar;C:\Program Files\Java\jdk1.8.0_281\jre\lib\jfr.jar;C:\Program Files\Java\jdk1.8.0_281\jre\classes"/>
    <property name="user.script" value=""/>
    <property name="sun.management.compiler" value="HotSpot 64-Bit Tiered Compilers"/>
    <property name="java.runtime.version" value="1.8.0_281-b09"/>
    <property name="user.name" value="Kalyan-KR7"/>
    <property name="path.separator" value=";"/>
    <property name="os.version" value="10.0"/>
    <property name="java.endorsed.dirs" value="C:\Program Files\Java\jdk1.8.0_281\jre\lib\endorsed"/>
    <property name="java.runtime.name" value="Java(TM) SE Runtime Environment"/>
    <property name="file.encoding" value="Cp1252"/>
    <property name="java.vm.name" value="Java HotSpot(TM) 64-Bit Server VM"/>
    <property name="localRepository" value="C:\Users\Kalyan-KR7\.m2\repository"/>
    <property name="java.vendor.url.bug" value="http://bugreport.sun.com/bugreport/"/>
    <property name="java.io.tmpdir" value="C:\Users\KALYAN~1\AppData\Local\Temp\"/>
    <property name="java.version" value="1.8.0_281"/>
    <property name="user.dir" value="C:\Users\Kalyan-KR7\Desktop\Devops\webappicici"/>
    <property name="os.arch" value="amd64"/>
    <property name="java.vm.specification.name" value="Java Virtual Machine Specification"/>
    <property name="java.awt.printerjob" value="sun.awt.windows.WPrinterJob"/>
    <property name="sun.os.patch.level" value=""/>
    <property name="java.library.path" value="C:\Program Files\Java\jdk1.8.0_281\jre\bin;C:\WINDOWS\Sun\Java\bin;C:\WINDOWS\system32;C:\WINDOWS;C:\Users\Kalyan-KR7\bin;C:\Program Files\Git\mingw64\bin;C:\Program Files\Git\usr\local\bin;C:\Program Files\Git\usr\bin;C:\Program Files\Git\usr\bin;C:\Program Files\Git\mingw64\bin;C:\Program Files\Git\usr\bin;C:\Users\Kalyan-KR7\bin;C:\Program Files (x86)\Common Files\Oracle\Java\javapath;C:\oraclexe\app\oracle\product\11.2.0\server\bin;C:\app\Kalyan-KR7\product\18.0.0\dbhomeXE\bin;C:\WINDOWS\system32;C:\WINDOWS;C:\WINDOWS\System32\Wbem;C:\WINDOWS\System32\WindowsPowerShell\v1.0;C:\Program Files (x86)\Subversion\bin;F:\ANT Installation\apache-ant-1.9.7-bin\apache-ant-1.9.7\bin;F:\Maven_practice\apache-maven-3.3.9\bin;C:\WINDOWS\System32\OpenSSH;C:\ProgramData\chocolatey\bin;C:\ProgramData\chocolatey\lib\maven\apache-maven-3.6.3\bin;C:\HashiCorp\Vagrant\bin;C:\Program Files\Java\jdk1.8.0_281\bin;C:\Users\Kalyan-KR7\Desktop\Devops\apache-maven-3.8.1\bin;C:\Users\Kalyan-KR7\Desktop\Devops\apache-maven-3.8.1-bin\apache-maven-3.8.1\bin;C:\Users\Kalyan-KR7\AppData\Local\Programs\Python\Python38-32\Scripts;C:\Users\Kalyan-KR7\AppData\Local\Programs\Python\Python38-32;C:\Users\Kalyan-KR7\AppData\Local\Microsoft\WindowsApps;C:\Program Files\Oracle\VirtualBox;C:\Program Files\Git\usr\bin\vendor_perl;C:\Program Files\Git\usr\bin\core_perl;."/>
    <property name="java.vm.info" value="mixed mode"/>
    <property name="java.vendor" value="Oracle Corporation"/>
    <property name="java.vm.version" value="25.281-b09"/>
    <property name="java.ext.dirs" value="C:\Program Files\Java\jdk1.8.0_281\jre\lib\ext;C:\WINDOWS\Sun\Java\lib\ext"/>
    <property name="sun.io.unicode.encoding" value="UnicodeLittle"/>
    <property name="java.class.version" value="52.0"/>
  </properties>
  <testcase name="shouldAnswerWithTrue" classname="com.icici.AppTest" time="0.004"/>
</testsuite>